* using log directory ‘/home/shreshtha/Documents/GitHub/USCensus2020/USCensuscounty.Rcheck’
* using R version 4.1.2 (2021-11-01)
* using platform: x86_64-pc-linux-gnu (64-bit)
* using session charset: UTF-8
* using options ‘--no-manual --as-cran’
* checking for file ‘USCensuscounty/DESCRIPTION’ ... OK
* checking extension type ... Package
* this is package ‘USCensuscounty’ version ‘0.1.0’
* package encoding: UTF-8
* checking package namespace information ... OK
* checking package dependencies ... OK
* checking if this is a source package ... OK
* checking if there is a namespace ... OK
* checking for executable files ... OK
* checking for hidden files and directories ... OK
* checking for portable file names ... OK
* checking for sufficient/correct file permissions ... OK
* checking serialization versions ... OK
* checking whether package ‘USCensuscounty’ can be installed ... ERROR
Installation failed.
See ‘/home/shreshtha/Documents/GitHub/USCensus2020/USCensuscounty.Rcheck/00install.out’ for details.
* DONE
Status: 1 ERROR
